{"__type":"$$EventMessageAudit","id":"426ba4c1-d50b-468d-a9ff-5aa660ddf83e","ts":"2025-10-13T21:42:07.378+00:00","eventName":"n8n.audit.user.credentials.created","message":"n8n.audit.user.credentials.created","payload":{"userId":"e84a0134-3bef-458c-91d0-b2e0e976e477","_email":"leo.a.petrilli@gmail.com","_firstName":"Leonardo","_lastName":"Petrilli","globalRole":"global:owner","credentialType":"telegramApi","credentialId":"v06RgJKOEYVbIDCC","publicApi":false,"projectId":"cMiF0xI2hkj20wBV","projectType":"personal"}}
{"__type":"$$EventMessageConfirm","confirm":"426ba4c1-d50b-468d-a9ff-5aa660ddf83e","ts":"2025-10-13T21:42:07.379+00:00","source":{"id":"0","name":"eventBus"}}
{"__type":"$$EventMessageAudit","id":"7d04f666-cd70-40d0-99a2-62a2b149bb10","ts":"2025-10-13T18:43:22.926-03:00","eventName":"n8n.audit.workflow.created","message":"n8n.audit.workflow.created","payload":{"userId":"e84a0134-3bef-458c-91d0-b2e0e976e477","_email":"leo.a.petrilli@gmail.com","_firstName":"Leonardo","_lastName":"Petrilli","globalRole":"global:owner","workflowId":"FYyyytysIJjro5S6","workflowName":"My workflow"}}
{"__type":"$$EventMessageConfirm","confirm":"7d04f666-cd70-40d0-99a2-62a2b149bb10","ts":"2025-10-13T18:43:22.926-03:00","source":{"id":"0","name":"eventBus"}}
{"__type":"$$EventMessageWorkflow","id":"b5148ee2-24ad-451a-8d7f-72736c03fe05","ts":"2025-10-13T18:43:22.990-03:00","eventName":"n8n.workflow.started","message":"n8n.workflow.started","payload":{"executionId":"1","workflowId":"FYyyytysIJjro5S6","isManual":false,"workflowName":"My workflow"}}
{"__type":"$$EventMessageConfirm","confirm":"b5148ee2-24ad-451a-8d7f-72736c03fe05","ts":"2025-10-13T18:43:22.990-03:00","source":{"id":"0","name":"eventBus"}}
{"__type":"$$EventMessageNode","id":"9edfeee0-3f9c-4a9a-9f04-8cb630816c5f","ts":"2025-10-13T18:43:22.992-03:00","eventName":"n8n.node.started","message":"n8n.node.started","payload":{"workflowId":"FYyyytysIJjro5S6","workflowName":"My workflow","executionId":"1","nodeType":"n8n-nodes-base.manualTrigger","nodeName":"When clicking ‘Execute workflow’","nodeId":"d8f764c5-0fd0-4f14-a324-3663a63d4444"}}
{"__type":"$$EventMessageConfirm","confirm":"9edfeee0-3f9c-4a9a-9f04-8cb630816c5f","ts":"2025-10-13T18:43:22.992-03:00","source":{"id":"0","name":"eventBus"}}
{"__type":"$$EventMessageNode","id":"ef7e71e7-5e99-49b7-8660-10e8218cd863","ts":"2025-10-13T18:43:22.994-03:00","eventName":"n8n.node.finished","message":"n8n.node.finished","payload":{"workflowId":"FYyyytysIJjro5S6","workflowName":"My workflow","executionId":"1","nodeType":"n8n-nodes-base.manualTrigger","nodeName":"When clicking ‘Execute workflow’","nodeId":"d8f764c5-0fd0-4f14-a324-3663a63d4444"}}
{"__type":"$$EventMessageConfirm","confirm":"ef7e71e7-5e99-49b7-8660-10e8218cd863","ts":"2025-10-13T18:43:22.995-03:00","source":{"id":"0","name":"eventBus"}}
{"__type":"$$EventMessageNode","id":"0f27f6da-505a-4453-adf5-cae4af76c66d","ts":"2025-10-13T18:43:22.995-03:00","eventName":"n8n.node.started","message":"n8n.node.started","payload":{"workflowId":"FYyyytysIJjro5S6","workflowName":"My workflow","executionId":"1","nodeType":"n8n-nodes-base.telegram","nodeName":"Send a text message","nodeId":"8e1d99b1-acdc-409b-8e92-b1ac34e5392b"}}
{"__type":"$$EventMessageConfirm","confirm":"0f27f6da-505a-4453-adf5-cae4af76c66d","ts":"2025-10-13T18:43:22.995-03:00","source":{"id":"0","name":"eventBus"}}
{"__type":"$$EventMessageNode","id":"15e87751-49de-4e7c-85a3-d604dd8a1cdd","ts":"2025-10-13T18:43:23.960-03:00","eventName":"n8n.node.finished","message":"n8n.node.finished","payload":{"workflowId":"FYyyytysIJjro5S6","workflowName":"My workflow","executionId":"1","nodeType":"n8n-nodes-base.telegram","nodeName":"Send a text message","nodeId":"8e1d99b1-acdc-409b-8e92-b1ac34e5392b"}}
{"__type":"$$EventMessageConfirm","confirm":"15e87751-49de-4e7c-85a3-d604dd8a1cdd","ts":"2025-10-13T18:43:23.960-03:00","source":{"id":"0","name":"eventBus"}}
{"__type":"$$EventMessageWorkflow","id":"ee5342d3-5a00-4ea6-a129-ffa7ece99adc","ts":"2025-10-13T18:43:23.963-03:00","eventName":"n8n.workflow.failed","message":"n8n.workflow.failed","payload":{"userId":"e84a0134-3bef-458c-91d0-b2e0e976e477","executionId":"1","success":false,"isManual":true,"workflowId":"FYyyytysIJjro5S6","workflowName":"My workflow","lastNodeExecuted":"Send a text message","errorNodeType":"n8n-nodes-base.telegram","errorMessage":"Forbidden - perhaps check your credentials?"}}
{"__type":"$$EventMessageConfirm","confirm":"ee5342d3-5a00-4ea6-a129-ffa7ece99adc","ts":"2025-10-13T18:43:23.963-03:00","source":{"id":"0","name":"eventBus"}}
{"__type":"$$EventMessageWorkflow","id":"c3b70338-dc81-410c-93e1-e2ef8f4942a7","ts":"2025-10-13T18:43:35.249-03:00","eventName":"n8n.workflow.started","message":"n8n.workflow.started","payload":{"executionId":"2","workflowId":"FYyyytysIJjro5S6","isManual":false,"workflowName":"My workflow"}}
{"__type":"$$EventMessageConfirm","confirm":"c3b70338-dc81-410c-93e1-e2ef8f4942a7","ts":"2025-10-13T18:43:35.249-03:00","source":{"id":"0","name":"eventBus"}}
{"__type":"$$EventMessageNode","id":"49431d41-4a66-4b03-81cf-e6c010d95497","ts":"2025-10-13T18:43:35.250-03:00","eventName":"n8n.node.started","message":"n8n.node.started","payload":{"workflowId":"FYyyytysIJjro5S6","workflowName":"My workflow","executionId":"2","nodeType":"n8n-nodes-base.telegram","nodeName":"Send a text message","nodeId":"8e1d99b1-acdc-409b-8e92-b1ac34e5392b"}}
{"__type":"$$EventMessageConfirm","confirm":"49431d41-4a66-4b03-81cf-e6c010d95497","ts":"2025-10-13T18:43:35.250-03:00","source":{"id":"0","name":"eventBus"}}
{"__type":"$$EventMessageNode","id":"0ab5636c-8311-4312-8faf-97a1526dae0a","ts":"2025-10-13T18:43:36.153-03:00","eventName":"n8n.node.finished","message":"n8n.node.finished","payload":{"workflowId":"FYyyytysIJjro5S6","workflowName":"My workflow","executionId":"2","nodeType":"n8n-nodes-base.telegram","nodeName":"Send a text message","nodeId":"8e1d99b1-acdc-409b-8e92-b1ac34e5392b"}}
{"__type":"$$EventMessageConfirm","confirm":"0ab5636c-8311-4312-8faf-97a1526dae0a","ts":"2025-10-13T18:43:36.154-03:00","source":{"id":"0","name":"eventBus"}}
{"__type":"$$EventMessageWorkflow","id":"62fbaf85-8417-45e3-8b38-8cbfba75bae7","ts":"2025-10-13T18:43:36.158-03:00","eventName":"n8n.workflow.failed","message":"n8n.workflow.failed","payload":{"userId":"e84a0134-3bef-458c-91d0-b2e0e976e477","executionId":"2","success":false,"isManual":true,"workflowId":"FYyyytysIJjro5S6","workflowName":"My workflow","lastNodeExecuted":"Send a text message","errorNodeType":"n8n-nodes-base.telegram","errorMessage":"Bad request - please check your parameters"}}
{"__type":"$$EventMessageConfirm","confirm":"62fbaf85-8417-45e3-8b38-8cbfba75bae7","ts":"2025-10-13T18:43:36.158-03:00","source":{"id":"0","name":"eventBus"}}
{"__type":"$$EventMessageWorkflow","id":"20dea552-b821-4387-aa49-3d98ef162b69","ts":"2025-10-13T18:44:23.213-03:00","eventName":"n8n.workflow.started","message":"n8n.workflow.started","payload":{"executionId":"3","workflowId":"FYyyytysIJjro5S6","isManual":false,"workflowName":"My workflow"}}
{"__type":"$$EventMessageConfirm","confirm":"20dea552-b821-4387-aa49-3d98ef162b69","ts":"2025-10-13T18:44:23.213-03:00","source":{"id":"0","name":"eventBus"}}
{"__type":"$$EventMessageNode","id":"34e2030e-e715-4193-865f-a45bd6d6a832","ts":"2025-10-13T18:44:23.214-03:00","eventName":"n8n.node.started","message":"n8n.node.started","payload":{"workflowId":"FYyyytysIJjro5S6","workflowName":"My workflow","executionId":"3","nodeType":"n8n-nodes-base.telegram","nodeName":"Send a text message","nodeId":"8e1d99b1-acdc-409b-8e92-b1ac34e5392b"}}
{"__type":"$$EventMessageConfirm","confirm":"34e2030e-e715-4193-865f-a45bd6d6a832","ts":"2025-10-13T18:44:23.214-03:00","source":{"id":"0","name":"eventBus"}}
{"__type":"$$EventMessageNode","id":"c23bc9d2-a535-4dbd-b3a9-288b156d9d92","ts":"2025-10-13T18:44:24.077-03:00","eventName":"n8n.node.finished","message":"n8n.node.finished","payload":{"workflowId":"FYyyytysIJjro5S6","workflowName":"My workflow","executionId":"3","nodeType":"n8n-nodes-base.telegram","nodeName":"Send a text message","nodeId":"8e1d99b1-acdc-409b-8e92-b1ac34e5392b"}}
{"__type":"$$EventMessageConfirm","confirm":"c23bc9d2-a535-4dbd-b3a9-288b156d9d92","ts":"2025-10-13T18:44:24.077-03:00","source":{"id":"0","name":"eventBus"}}
{"__type":"$$EventMessageWorkflow","id":"0d7f9ad9-85f0-4cc4-991c-e51f3372f5db","ts":"2025-10-13T18:44:24.080-03:00","eventName":"n8n.workflow.failed","message":"n8n.workflow.failed","payload":{"userId":"e84a0134-3bef-458c-91d0-b2e0e976e477","executionId":"3","success":false,"isManual":true,"workflowId":"FYyyytysIJjro5S6","workflowName":"My workflow","lastNodeExecuted":"Send a text message","errorNodeType":"n8n-nodes-base.telegram","errorMessage":"Bad request - please check your parameters"}}
{"__type":"$$EventMessageConfirm","confirm":"0d7f9ad9-85f0-4cc4-991c-e51f3372f5db","ts":"2025-10-13T18:44:24.080-03:00","source":{"id":"0","name":"eventBus"}}
{"__type":"$$EventMessageWorkflow","id":"591fd106-0160-4ab4-88bb-35532928b7c4","ts":"2025-10-13T18:48:55.490-03:00","eventName":"n8n.workflow.started","message":"n8n.workflow.started","payload":{"executionId":"4","workflowId":"FYyyytysIJjro5S6","isManual":false,"workflowName":"My workflow"}}
{"__type":"$$EventMessageConfirm","confirm":"591fd106-0160-4ab4-88bb-35532928b7c4","ts":"2025-10-13T18:48:55.490-03:00","source":{"id":"0","name":"eventBus"}}
{"__type":"$$EventMessageNode","id":"e40aa013-5617-45ab-9299-c3bd306c2f59","ts":"2025-10-13T18:48:55.490-03:00","eventName":"n8n.node.started","message":"n8n.node.started","payload":{"workflowId":"FYyyytysIJjro5S6","workflowName":"My workflow","executionId":"4","nodeType":"n8n-nodes-base.telegram","nodeName":"Send a text message","nodeId":"8e1d99b1-acdc-409b-8e92-b1ac34e5392b"}}
{"__type":"$$EventMessageConfirm","confirm":"e40aa013-5617-45ab-9299-c3bd306c2f59","ts":"2025-10-13T18:48:55.490-03:00","source":{"id":"0","name":"eventBus"}}
{"__type":"$$EventMessageNode","id":"21267832-fa87-4e78-aaed-55fa0ded5097","ts":"2025-10-13T18:48:56.292-03:00","eventName":"n8n.node.finished","message":"n8n.node.finished","payload":{"workflowId":"FYyyytysIJjro5S6","workflowName":"My workflow","executionId":"4","nodeType":"n8n-nodes-base.telegram","nodeName":"Send a text message","nodeId":"8e1d99b1-acdc-409b-8e92-b1ac34e5392b"}}
{"__type":"$$EventMessageConfirm","confirm":"21267832-fa87-4e78-aaed-55fa0ded5097","ts":"2025-10-13T18:48:56.292-03:00","source":{"id":"0","name":"eventBus"}}
{"__type":"$$EventMessageWorkflow","id":"323b8340-01cb-481d-9027-57dfe1a6a2c9","ts":"2025-10-13T18:48:56.294-03:00","eventName":"n8n.workflow.success","message":"n8n.workflow.success","payload":{"userId":"e84a0134-3bef-458c-91d0-b2e0e976e477","executionId":"4","success":true,"isManual":true,"workflowId":"FYyyytysIJjro5S6","workflowName":"My workflow"}}
{"__type":"$$EventMessageConfirm","confirm":"323b8340-01cb-481d-9027-57dfe1a6a2c9","ts":"2025-10-13T18:48:56.294-03:00","source":{"id":"0","name":"eventBus"}}
{"__type":"$$EventMessageWorkflow","id":"d63e3369-8849-45e1-85d3-a82cb2dd02af","ts":"2025-10-13T18:49:51.852-03:00","eventName":"n8n.workflow.started","message":"n8n.workflow.started","payload":{"executionId":"5","workflowId":"FYyyytysIJjro5S6","isManual":false,"workflowName":"My workflow"}}
{"__type":"$$EventMessageConfirm","confirm":"d63e3369-8849-45e1-85d3-a82cb2dd02af","ts":"2025-10-13T18:49:51.852-03:00","source":{"id":"0","name":"eventBus"}}
{"__type":"$$EventMessageNode","id":"c4f57028-af69-4cb5-9503-bc04ac3ad41f","ts":"2025-10-13T18:49:51.852-03:00","eventName":"n8n.node.started","message":"n8n.node.started","payload":{"workflowId":"FYyyytysIJjro5S6","workflowName":"My workflow","executionId":"5","nodeType":"n8n-nodes-base.telegram","nodeName":"Send a text message","nodeId":"8e1d99b1-acdc-409b-8e92-b1ac34e5392b"}}
{"__type":"$$EventMessageConfirm","confirm":"c4f57028-af69-4cb5-9503-bc04ac3ad41f","ts":"2025-10-13T18:49:51.852-03:00","source":{"id":"0","name":"eventBus"}}
{"__type":"$$EventMessageNode","id":"5068271e-0bea-42b1-8da0-ad97713eb493","ts":"2025-10-13T18:49:52.826-03:00","eventName":"n8n.node.finished","message":"n8n.node.finished","payload":{"workflowId":"FYyyytysIJjro5S6","workflowName":"My workflow","executionId":"5","nodeType":"n8n-nodes-base.telegram","nodeName":"Send a text message","nodeId":"8e1d99b1-acdc-409b-8e92-b1ac34e5392b"}}
{"__type":"$$EventMessageConfirm","confirm":"5068271e-0bea-42b1-8da0-ad97713eb493","ts":"2025-10-13T18:49:52.826-03:00","source":{"id":"0","name":"eventBus"}}
{"__type":"$$EventMessageWorkflow","id":"925a409b-6641-4981-aea3-afb3e68639e4","ts":"2025-10-13T18:49:52.830-03:00","eventName":"n8n.workflow.success","message":"n8n.workflow.success","payload":{"userId":"e84a0134-3bef-458c-91d0-b2e0e976e477","executionId":"5","success":true,"isManual":true,"workflowId":"FYyyytysIJjro5S6","workflowName":"My workflow"}}
{"__type":"$$EventMessageConfirm","confirm":"925a409b-6641-4981-aea3-afb3e68639e4","ts":"2025-10-13T18:49:52.830-03:00","source":{"id":"0","name":"eventBus"}}
{"__type":"$$EventMessageWorkflow","id":"4cce1cf5-3cf4-47ca-8562-27a1e2707097","ts":"2025-10-13T18:51:02.176-03:00","eventName":"n8n.workflow.started","message":"n8n.workflow.started","payload":{"executionId":"6","workflowId":"FYyyytysIJjro5S6","isManual":false,"workflowName":"My workflow"}}
{"__type":"$$EventMessageConfirm","confirm":"4cce1cf5-3cf4-47ca-8562-27a1e2707097","ts":"2025-10-13T18:51:02.176-03:00","source":{"id":"0","name":"eventBus"}}
{"__type":"$$EventMessageNode","id":"33fa7cc8-4032-4028-9301-34998f513680","ts":"2025-10-13T18:51:02.176-03:00","eventName":"n8n.node.started","message":"n8n.node.started","payload":{"workflowId":"FYyyytysIJjro5S6","workflowName":"My workflow","executionId":"6","nodeType":"n8n-nodes-base.telegram","nodeName":"Send a text message","nodeId":"8e1d99b1-acdc-409b-8e92-b1ac34e5392b"}}
{"__type":"$$EventMessageConfirm","confirm":"33fa7cc8-4032-4028-9301-34998f513680","ts":"2025-10-13T18:51:02.176-03:00","source":{"id":"0","name":"eventBus"}}
{"__type":"$$EventMessageNode","id":"332c3f47-f02e-499b-9bdb-bcd850c32f02","ts":"2025-10-13T18:51:03.062-03:00","eventName":"n8n.node.finished","message":"n8n.node.finished","payload":{"workflowId":"FYyyytysIJjro5S6","workflowName":"My workflow","executionId":"6","nodeType":"n8n-nodes-base.telegram","nodeName":"Send a text message","nodeId":"8e1d99b1-acdc-409b-8e92-b1ac34e5392b"}}
{"__type":"$$EventMessageConfirm","confirm":"332c3f47-f02e-499b-9bdb-bcd850c32f02","ts":"2025-10-13T18:51:03.063-03:00","source":{"id":"0","name":"eventBus"}}
{"__type":"$$EventMessageWorkflow","id":"b980a754-530a-4703-bc80-c33a47f2eacf","ts":"2025-10-13T18:51:03.064-03:00","eventName":"n8n.workflow.success","message":"n8n.workflow.success","payload":{"userId":"e84a0134-3bef-458c-91d0-b2e0e976e477","executionId":"6","success":true,"isManual":true,"workflowId":"FYyyytysIJjro5S6","workflowName":"My workflow"}}
{"__type":"$$EventMessageConfirm","confirm":"b980a754-530a-4703-bc80-c33a47f2eacf","ts":"2025-10-13T18:51:03.064-03:00","source":{"id":"0","name":"eventBus"}}
{"__type":"$$EventMessageWorkflow","id":"09379cdb-950d-4378-b584-6ee25ef89371","ts":"2025-10-13T18:51:23.615-03:00","eventName":"n8n.workflow.started","message":"n8n.workflow.started","payload":{"executionId":"7","workflowId":"FYyyytysIJjro5S6","isManual":false,"workflowName":"My workflow"}}
{"__type":"$$EventMessageConfirm","confirm":"09379cdb-950d-4378-b584-6ee25ef89371","ts":"2025-10-13T18:51:23.615-03:00","source":{"id":"0","name":"eventBus"}}
{"__type":"$$EventMessageNode","id":"43d4f423-2e05-415f-8d92-334458174f6f","ts":"2025-10-13T18:51:23.615-03:00","eventName":"n8n.node.started","message":"n8n.node.started","payload":{"workflowId":"FYyyytysIJjro5S6","workflowName":"My workflow","executionId":"7","nodeType":"n8n-nodes-base.manualTrigger","nodeName":"When clicking ‘Execute workflow’","nodeId":"d8f764c5-0fd0-4f14-a324-3663a63d4444"}}
{"__type":"$$EventMessageConfirm","confirm":"43d4f423-2e05-415f-8d92-334458174f6f","ts":"2025-10-13T18:51:23.615-03:00","source":{"id":"0","name":"eventBus"}}
{"__type":"$$EventMessageNode","id":"4eb9e2c4-7651-49b5-b907-06cf09fc9fe4","ts":"2025-10-13T18:51:23.616-03:00","eventName":"n8n.node.finished","message":"n8n.node.finished","payload":{"workflowId":"FYyyytysIJjro5S6","workflowName":"My workflow","executionId":"7","nodeType":"n8n-nodes-base.manualTrigger","nodeName":"When clicking ‘Execute workflow’","nodeId":"d8f764c5-0fd0-4f14-a324-3663a63d4444"}}
{"__type":"$$EventMessageConfirm","confirm":"4eb9e2c4-7651-49b5-b907-06cf09fc9fe4","ts":"2025-10-13T18:51:23.616-03:00","source":{"id":"0","name":"eventBus"}}
{"__type":"$$EventMessageNode","id":"31b54214-36d2-484f-bf48-2c2a06e1fcd5","ts":"2025-10-13T18:51:23.616-03:00","eventName":"n8n.node.started","message":"n8n.node.started","payload":{"workflowId":"FYyyytysIJjro5S6","workflowName":"My workflow","executionId":"7","nodeType":"n8n-nodes-base.telegram","nodeName":"Send a text message","nodeId":"8e1d99b1-acdc-409b-8e92-b1ac34e5392b"}}
{"__type":"$$EventMessageConfirm","confirm":"31b54214-36d2-484f-bf48-2c2a06e1fcd5","ts":"2025-10-13T18:51:23.616-03:00","source":{"id":"0","name":"eventBus"}}
{"__type":"$$EventMessageNode","id":"043d5ee4-f587-4e11-b691-e6a318c4e7e7","ts":"2025-10-13T18:51:24.581-03:00","eventName":"n8n.node.finished","message":"n8n.node.finished","payload":{"workflowId":"FYyyytysIJjro5S6","workflowName":"My workflow","executionId":"7","nodeType":"n8n-nodes-base.telegram","nodeName":"Send a text message","nodeId":"8e1d99b1-acdc-409b-8e92-b1ac34e5392b"}}
{"__type":"$$EventMessageConfirm","confirm":"043d5ee4-f587-4e11-b691-e6a318c4e7e7","ts":"2025-10-13T18:51:24.581-03:00","source":{"id":"0","name":"eventBus"}}
{"__type":"$$EventMessageWorkflow","id":"f0245468-f43e-4974-9220-03dfb9bf9922","ts":"2025-10-13T18:51:24.583-03:00","eventName":"n8n.workflow.success","message":"n8n.workflow.success","payload":{"userId":"e84a0134-3bef-458c-91d0-b2e0e976e477","executionId":"7","success":true,"isManual":true,"workflowId":"FYyyytysIJjro5S6","workflowName":"My workflow"}}
{"__type":"$$EventMessageConfirm","confirm":"f0245468-f43e-4974-9220-03dfb9bf9922","ts":"2025-10-13T18:51:24.584-03:00","source":{"id":"0","name":"eventBus"}}
